<?xml version="1.0" encoding="utf-8" standalone="no"?>
<!--This file represents the results of running a test suite-->
<test-results name="C:\Projects\ASP.NET-master\MVCDOTNET\MVCAppTests\obj\Debug\MVCAppTests.dll" total="0" errors="0" failures="0" not-run="0" inconclusive="0" ignored="0" skipped="0" invalid="0" date="2017-12-16" time="04:43:32">
  <environment nunit-version="3.5.0.0" clr-version="4.0.30319.42000" os-version="Microsoft Windows NT 10.0.10586.0" platform="Win32NT" cwd="C:\Projects\ASP.NET-master\MVCDOTNET\MVCAppTests" machine-name="IE11LTB81XTC2" user="H265456" user-domain="GLOBAL" />
  <culture-info current-culture="en-US" current-uiculture="en-US" />
  <test-suite type="Assembly" name="C:\Projects\ASP.NET-master\MVCDOTNET\MVCAppTests\obj\Debug\MVCAppTests.dll" executed="True" result="Failure" success="False" time="0.034" asserts="0">
    <properties>
      <property name="_SKIPREASON" value="Has no TestFixtures" />
      <property name="_PID" value="181428" />
      <property name="_APPDOMAIN" value="domain-" />
    </properties>
    <failure>
      <message><![CDATA[Has no TestFixtures]]></message>
      <stack-trace />
    </failure>
    <results />
  </test-suite>
</test-results>