<?xml version="1.0" encoding="utf-8" standalone="no"?>
<test-run id="2" testcasecount="0" result="Failed" label="Invalid" total="0" passed="0" failed="0" inconclusive="0" skipped="0" asserts="0" engine-version="3.7.0.0" clr-version="4.0.30319.42000" start-time="2017-11-27 09:18:35Z" end-time="2017-11-27 09:18:36Z" duration="0.689135">
  <command-line><![CDATA[C:\Projects\ASP.NET-master\MVCDOTNET\MVCApp\packages\NUnit.ConsoleRunner.3.7.0\tools\nunit3-console.exe  C:\Projects\ASP.NET-master\MVCDOTNET\MVCAppTests\MVCAppTests.csproj --result=C:\Projects\ASP.NET-master\MVCDOTNET\UnitTestResults\TestResult.xml]]></command-line>
  <test-suite type="Unknown" id="1-1" name="MVCAppTests.csproj" fullname="C:\Projects\ASP.NET-master\MVCDOTNET\MVCAppTests\MVCAppTests.csproj" testcasecount="0" runstate="NotRunnable" result="Failed" label="Invalid">
    <properties>
      <property name="_SKIPREASON" value="File type is not supported" />
    </properties>
    <reason>
      <message>File type is not supported</message>
    </reason>
  </test-suite>
</test-run>