<?xml version="1.0" encoding="utf-8" standalone="no"?>
<test-run id="2" testcasecount="0" result="Failed" label="Invalid" total="0" passed="0" failed="0" inconclusive="0" skipped="0" asserts="0" engine-version="3.7.0.0" clr-version="4.0.30319.42000" start-time="2017-11-27 03:13:24Z" end-time="2017-11-27 03:13:25Z" duration="0.720602">
  <command-line><![CDATA[nunit3-console.exe   "c:\Program Files (x86)\Jenkins\workspace\MVCTesting\UnitTestResults\Tests-results.xml"]]></command-line>
  <test-suite type="Unknown" id="0-1" name="Tests-results.xml" fullname="c:\Program Files (x86)\Jenkins\workspace\MVCTesting\UnitTestResults\Tests-results.xml" testcasecount="0" runstate="NotRunnable" result="Failed" label="Invalid">
    <properties>
      <property name="_SKIPREASON" value="File type is not supported" />
    </properties>
    <reason>
      <message>File type is not supported</message>
    </reason>
  </test-suite>
</test-run>