<?xml version="1.0" encoding="utf-8" standalone="no"?>
<test-run id="2" testcasecount="1" result="Passed" total="1" passed="1" failed="0" inconclusive="0" skipped="0" asserts="0" engine-version="3.7.0.0" clr-version="4.0.30319.42000" start-time="2017-12-06 12:38:34Z" end-time="2017-12-06 12:38:35Z" duration="0.904544">
  <command-line><![CDATA["C:\Projects\ASP.NET-master\MVCDOTNET\MVCApp\packages\NUnit.ConsoleRunner.3.7.0\tools\nunit3-console.exe" C:\Projects\ASP.NET-master\MVCDOTNET\MVCAppTests\obj\Debug\MVCAppTests.dll]]></command-line>
  <test-suite type="Assembly" id="0-1002" name="MVCAppTests.dll" fullname="C:\Projects\ASP.NET-master\MVCDOTNET\MVCAppTests\obj\Debug\MVCAppTests.dll" runstate="Runnable" testcasecount="1" result="Passed" start-time="2017-12-06 12:38:35Z" end-time="2017-12-06 12:38:35Z" duration="0.081491" total="1" passed="1" failed="0" warnings="0" inconclusive="0" skipped="0" asserts="0">
    <environment framework-version="3.9.0.0" clr-version="4.0.30319.42000" os-version="Microsoft Windows NT 10.0.10586.0" platform="Win32NT" cwd="C:\Projects\ASP.NET-master\MVCDOTNET\MVCApp\packages\OpenCover.4.6.519\tools" machine-name="IE11LTB81XTC2" user="H265456" user-domain="GLOBAL" culture="en-US" uiculture="en-US" os-architecture="x64" />
    <settings>
      <setting name="DisposeRunners" value="True" />
      <setting name="WorkDirectory" value="C:\Projects\ASP.NET-master\MVCDOTNET\MVCApp\packages\OpenCover.4.6.519\tools" />
      <setting name="ImageRuntimeVersion" value="4.0.30319" />
      <setting name="ImageTargetFrameworkName" value=".NETFramework,Version=v4.5" />
      <setting name="ImageRequiresX86" value="False" />
      <setting name="ImageRequiresDefaultAppDomainAssemblyResolver" value="False" />
      <setting name="NumberOfTestWorkers" value="4" />
    </settings>
    <properties>
      <property name="_PID" value="36908" />
      <property name="_APPDOMAIN" value="domain-" />
    </properties>
    <test-suite type="TestSuite" id="0-1003" name="MVCApp" fullname="MVCApp" runstate="Runnable" testcasecount="1" result="Passed" start-time="2017-12-06 12:38:35Z" end-time="2017-12-06 12:38:35Z" duration="0.056748" total="1" passed="1" failed="0" warnings="0" inconclusive="0" skipped="0" asserts="0">
      <test-suite type="TestSuite" id="0-1004" name="Controllers" fullname="MVCApp.Controllers" runstate="Runnable" testcasecount="1" result="Passed" start-time="2017-12-06 12:38:35Z" end-time="2017-12-06 12:38:35Z" duration="0.055600" total="1" passed="1" failed="0" warnings="0" inconclusive="0" skipped="0" asserts="0">
        <test-suite type="TestSuite" id="0-1005" name="Tests" fullname="MVCApp.Controllers.Tests" runstate="Runnable" testcasecount="1" result="Passed" start-time="2017-12-06 12:38:35Z" end-time="2017-12-06 12:38:35Z" duration="0.055561" total="1" passed="1" failed="0" warnings="0" inconclusive="0" skipped="0" asserts="0">
          <test-suite type="TestFixture" id="0-1000" name="RegisterControllerTests" fullname="MVCApp.Controllers.Tests.RegisterControllerTests" classname="MVCApp.Controllers.Tests.RegisterControllerTests" runstate="Runnable" testcasecount="1" result="Passed" start-time="2017-12-06 12:38:35Z" end-time="2017-12-06 12:38:35Z" duration="0.049804" total="1" passed="1" failed="0" warnings="0" inconclusive="0" skipped="0" asserts="0">
            <test-case id="0-1001" name="UserAddTest" fullname="MVCApp.Controllers.Tests.RegisterControllerTests.UserAddTest" methodname="UserAddTest" classname="MVCApp.Controllers.Tests.RegisterControllerTests" runstate="Runnable" seed="1294880109" result="Passed" start-time="2017-12-06 12:38:35Z" end-time="2017-12-06 12:38:35Z" duration="0.036873" asserts="0" />
          </test-suite>
        </test-suite>
      </test-suite>
    </test-suite>
  </test-suite>
</test-run>